2026-02-13 18:43:32,308- INFO-:Registrador de visitas-:Home
2026-02-13 18:43:35,532- INFO-:Registrador de visitas-:EDA
2026-02-13 18:43:35,532- INFO-:Registrador de visitas-:EDA
2026-02-13 18:43:37,637- INFO-:Registrador de visitas-:ML
2026-02-13 18:43:37,637- INFO-:Registrador de visitas-:ML
2026-02-13 18:43:37,637- INFO-:Registrador de visitas-:ML
2026-02-13 18:45:43,489- INFO-:Registrador de visitas-:Home
2026-02-13 18:45:43,489- INFO-:Registrador de visitas-:Home
2026-02-13 18:45:43,489- INFO-:Registrador de visitas-:Home
2026-02-13 18:45:43,489- INFO-:Registrador de visitas-:Home
2026-02-13 18:45:43,489- INFO- Registrador de visitas- Home
2026-02-13 18:45:46,256- INFO-:Registrador de visitas-:EDA
2026-02-13 18:45:46,256- INFO-:Registrador de visitas-:EDA
2026-02-13 18:45:46,256- INFO-:Registrador de visitas-:EDA
2026-02-13 18:45:46,256- INFO-:Registrador de visitas-:EDA
2026-02-13 18:45:46,256- INFO- Registrador de visitas- EDA
2026-02-13 18:45:46,256- INFO- Registrador de visitas- EDA
2026-02-13 18:45:48,541- INFO-:Registrador de visitas-:ML
2026-02-13 18:45:48,541- INFO-:Registrador de visitas-:ML
2026-02-13 18:45:48,541- INFO-:Registrador de visitas-:ML
2026-02-13 18:45:48,541- INFO-:Registrador de visitas-:ML
2026-02-13 18:45:48,541- INFO- Registrador de visitas- ML
2026-02-13 18:45:48,541- INFO- Registrador de visitas- ML
2026-02-13 18:45:48,541- INFO- Registrador de visitas- ML
2026-02-13 18:45:52,502- INFO-:Registrador de visitas-:Home
2026-02-13 18:45:52,502- INFO-:Registrador de visitas-:Home
2026-02-13 18:45:52,502- INFO-:Registrador de visitas-:Home
2026-02-13 18:45:52,502- INFO-:Registrador de visitas-:Home
2026-02-13 18:45:52,502- INFO- Registrador de visitas- Home
2026-02-13 18:45:52,502- INFO- Registrador de visitas- Home
2026-02-13 18:45:52,502- INFO- Registrador de visitas- Home
2026-02-13 18:45:52,502- INFO- Registrador de visitas- Home
2026-02-13 18:45:52,502- INFO- Registrador de visitas- Home
2026-02-13 18:53:46,353- INFO-:Registrador de visitas-:Home
2026-02-13 18:53:46,353- INFO-:Registrador de visitas-:Home
2026-02-13 18:53:46,353- INFO-:Registrador de visitas-:Home
2026-02-13 18:53:46,353- INFO-:Registrador de visitas-:Home
2026-02-13 18:53:46,353- INFO- Registrador de visitas- Home
2026-02-13 18:53:46,353- INFO- Registrador de visitas- Home
2026-02-13 18:53:46,353- INFO- Registrador de visitas- Home
2026-02-13 18:53:46,353- INFO- Registrador de visitas- Home
2026-02-13 18:53:46,353- INFO- Registrador de visitas- Home
2026-02-13 18:53:46,353- INFO- Registrador de visitas- Home
2026-02-13 18:53:48,380- INFO-:Registrador de visitas-:EDA
2026-02-13 18:53:48,380- INFO-:Registrador de visitas-:EDA
2026-02-13 18:53:48,380- INFO-:Registrador de visitas-:EDA
2026-02-13 18:53:48,380- INFO-:Registrador de visitas-:EDA
2026-02-13 18:53:48,380- INFO- Registrador de visitas- EDA
2026-02-13 18:53:48,380- INFO- Registrador de visitas- EDA
2026-02-13 18:53:48,380- INFO- Registrador de visitas- EDA
2026-02-13 18:53:48,380- INFO- Registrador de visitas- EDA
2026-02-13 18:53:48,380- INFO- Registrador de visitas- EDA
2026-02-13 18:53:48,380- INFO- Registrador de visitas- EDA
2026-02-13 18:53:48,380- INFO- Registrador de visitas- EDA
2026-02-13 18:53:50,388- INFO-:Registrador de visitas-:ML
2026-02-13 18:53:50,388- INFO-:Registrador de visitas-:ML
2026-02-13 18:53:50,388- INFO-:Registrador de visitas-:ML
2026-02-13 18:53:50,388- INFO-:Registrador de visitas-:ML
2026-02-13 18:53:50,388- INFO- Registrador de visitas- ML
2026-02-13 18:53:50,388- INFO- Registrador de visitas- ML
2026-02-13 18:53:50,388- INFO- Registrador de visitas- ML
2026-02-13 18:53:50,388- INFO- Registrador de visitas- ML
2026-02-13 18:53:50,388- INFO- Registrador de visitas- ML
2026-02-13 18:53:50,388- INFO- Registrador de visitas- ML
2026-02-13 18:53:50,388- INFO- Registrador de visitas- ML
2026-02-13 18:53:50,388- INFO- Registrador de visitas- ML
2026-02-13 18:53:52,655- INFO-:Registrador de visitas-:Acerca de...
2026-02-13 18:53:52,655- INFO-:Registrador de visitas-:Acerca de...
2026-02-13 18:53:52,655- INFO-:Registrador de visitas-:Acerca de...
2026-02-13 18:53:52,655- INFO-:Registrador de visitas-:Acerca de...
2026-02-13 18:53:52,655- INFO- Registrador de visitas- Acerca de...
2026-02-13 18:53:52,655- INFO- Registrador de visitas- Acerca de...
2026-02-13 18:53:52,655- INFO- Registrador de visitas- Acerca de...
2026-02-13 18:53:52,655- INFO- Registrador de visitas- Acerca de...
2026-02-13 18:53:52,655- INFO- Registrador de visitas- Acerca de...
2026-02-13 18:53:52,655- INFO- Registrador de visitas- Acerca de...
2026-02-13 18:53:52,655- INFO- Registrador de visitas- Acerca de...
2026-02-13 18:53:52,655- INFO- Registrador de visitas- Acerca de...
2026-02-13 18:53:52,655- INFO- Registrador de visitas- Acerca de...
2026-02-13 18:55:31,751- INFO-:Registrador de visitas-:Home
2026-02-13 18:55:31,751- INFO-:Registrador de visitas-:Home
2026-02-13 18:55:31,751- INFO-:Registrador de visitas-:Home
2026-02-13 18:55:31,751- INFO-:Registrador de visitas-:Home
2026-02-13 18:55:31,751- INFO- Registrador de visitas- Home
2026-02-13 18:55:31,751- INFO- Registrador de visitas- Home
2026-02-13 18:55:31,751- INFO- Registrador de visitas- Home
2026-02-13 18:55:31,751- INFO- Registrador de visitas- Home
2026-02-13 18:55:31,751- INFO- Registrador de visitas- Home
2026-02-13 18:55:31,751- INFO- Registrador de visitas- Home
2026-02-13 18:55:31,751- INFO- Registrador de visitas- Home
2026-02-13 18:55:31,751- INFO- Registrador de visitas- Home
2026-02-13 18:55:31,751- INFO- Registrador de visitas- Home
2026-02-13 18:55:31,751- INFO- Registrador de visitas- Home
2026-02-13 18:59:03,233- INFO-:Registrador de visitas-:Home
2026-02-13 18:59:03,233- INFO-:Registrador de visitas-:Home
2026-02-13 18:59:03,233- INFO-:Registrador de visitas-:Home
2026-02-13 18:59:03,233- INFO-:Registrador de visitas-:Home
2026-02-13 18:59:03,233- INFO- Registrador de visitas- Home
2026-02-13 18:59:03,233- INFO- Registrador de visitas- Home
2026-02-13 18:59:03,233- INFO- Registrador de visitas- Home
2026-02-13 18:59:03,233- INFO- Registrador de visitas- Home
2026-02-13 18:59:03,233- INFO- Registrador de visitas- Home
2026-02-13 18:59:03,233- INFO- Registrador de visitas- Home
2026-02-13 18:59:03,233- INFO- Registrador de visitas- Home
2026-02-13 18:59:03,233- INFO- Registrador de visitas- Home
2026-02-13 18:59:03,233- INFO- Registrador de visitas- Home
2026-02-13 18:59:03,233- INFO- Registrador de visitas- Home
2026-02-13 18:59:05,671- INFO-:Registrador de visitas-:EDA
2026-02-13 18:59:05,671- INFO-:Registrador de visitas-:EDA
2026-02-13 18:59:05,671- INFO-:Registrador de visitas-:EDA
2026-02-13 18:59:05,671- INFO-:Registrador de visitas-:EDA
2026-02-13 18:59:05,671- INFO- Registrador de visitas- EDA
2026-02-13 18:59:05,671- INFO- Registrador de visitas- EDA
2026-02-13 18:59:05,671- INFO- Registrador de visitas- EDA
2026-02-13 18:59:05,671- INFO- Registrador de visitas- EDA
2026-02-13 18:59:05,671- INFO- Registrador de visitas- EDA
2026-02-13 18:59:05,671- INFO- Registrador de visitas- EDA
2026-02-13 18:59:05,671- INFO- Registrador de visitas- EDA
2026-02-13 18:59:05,671- INFO- Registrador de visitas- EDA
2026-02-13 18:59:05,671- INFO- Registrador de visitas- EDA
2026-02-13 18:59:05,671- INFO- Registrador de visitas- EDA
2026-02-13 18:59:08,050- INFO-:Registrador de visitas-:ML
2026-02-13 18:59:08,050- INFO-:Registrador de visitas-:ML
2026-02-13 18:59:08,050- INFO-:Registrador de visitas-:ML
2026-02-13 18:59:08,050- INFO-:Registrador de visitas-:ML
2026-02-13 18:59:08,050- INFO- Registrador de visitas- ML
2026-02-13 18:59:08,050- INFO- Registrador de visitas- ML
2026-02-13 18:59:08,050- INFO- Registrador de visitas- ML
2026-02-13 18:59:08,050- INFO- Registrador de visitas- ML
2026-02-13 18:59:08,050- INFO- Registrador de visitas- ML
2026-02-13 18:59:08,050- INFO- Registrador de visitas- ML
2026-02-13 18:59:08,050- INFO- Registrador de visitas- ML
2026-02-13 18:59:08,050- INFO- Registrador de visitas- ML
2026-02-13 18:59:08,050- INFO- Registrador de visitas- ML
2026-02-13 18:59:08,050- INFO- Registrador de visitas- ML
2026-02-13 18:59:10,243- INFO-:Registrador de visitas-:Acerca de...
2026-02-13 18:59:10,243- INFO-:Registrador de visitas-:Acerca de...
2026-02-13 18:59:10,243- INFO-:Registrador de visitas-:Acerca de...
2026-02-13 18:59:10,243- INFO-:Registrador de visitas-:Acerca de...
2026-02-13 18:59:10,243- INFO- Registrador de visitas- Acerca de...
2026-02-13 18:59:10,243- INFO- Registrador de visitas- Acerca de...
2026-02-13 18:59:10,243- INFO- Registrador de visitas- Acerca de...
2026-02-13 18:59:10,243- INFO- Registrador de visitas- Acerca de...
2026-02-13 18:59:10,243- INFO- Registrador de visitas- Acerca de...
2026-02-13 18:59:10,243- INFO- Registrador de visitas- Acerca de...
2026-02-13 18:59:10,243- INFO- Registrador de visitas- Acerca de...
2026-02-13 18:59:10,243- INFO- Registrador de visitas- Acerca de...
2026-02-13 18:59:10,243- INFO- Registrador de visitas- Acerca de...
2026-02-13 18:59:10,243- INFO- Registrador de visitas- Acerca de...
